Build started 5/12/2012 12:03:27 PM.
     1>Project "F:\projects\Colony\Colony\Colony.vcxproj" on node 2 (build target(s)).
     1>InitializeBuildStatus:
         Touching "Release\Colony.unsuccessfulbuild".
       ClCompile:
         All outputs are up-to-date.
       Link:
         C:\Program Files (x86)\Microsoft Visual Studio 10.0\VC\bin\link.exe /ERRORREPORT:PROMPT /OUT:"F:\projects\Colony\Release\Colony.exe" /NOLOGO "sfml-graphics-s.lib" "sfml-audio-s.lib" "sfml-system-s.lib" "sfml-window-s.lib" "sfml-network.lib" kernel32.lib user32.lib gdi32.lib winspool.lib comdlg32.lib advapi32.lib shell32.lib ole32.lib oleaut32.lib uuid.lib odbc32.lib odbccp32.lib /MANIFEST /ManifestFile:"Release\Colony.exe.intermediate.manifest" /MANIFESTUAC:"level='asInvoker' uiAccess='false'" /DEBUG /PDB:"F:\projects\Colony\Release\Colony.pdb" /OPT:REF /OPT:ICF /LTCG /TLBID:1 /DYNAMICBASE /NXCOMPAT /IMPLIB:"F:\projects\Colony\Release\Colony.lib" /MACHINE:X86 Release\EventHandler.obj
         Release\main.obj
         Release\render.obj
     1>LINK : warning LNK4098: defaultlib 'LIBCMT' conflicts with use of other libs; use /NODEFAULTLIB:library
         Generating code
         Finished generating code
         Colony.vcxproj -> F:\projects\Colony\Release\Colony.exe
       Manifest:
         C:\Program Files (x86)\Microsoft SDKs\Windows\v7.0A\bin\mt.exe /nologo /verbose /outputresource:"F:\projects\Colony\Release\Colony.exe;#1" /manifest Release\Colony.exe.intermediate.manifest
       FinalizeBuildStatus:
         Deleting file "Release\Colony.unsuccessfulbuild".
         Touching "Release\Colony.lastbuildstate".
     1>Done Building Project "F:\projects\Colony\Colony\Colony.vcxproj" (build target(s)).

Build succeeded.

Time Elapsed 00:00:01.75
